Arguments: 
  /Users/skypesky/.nvm/versions/node/v16.14.2/bin/node /Users/skypesky/.nvm/versions/node/v16.14.2/bin/yarn add ts-node-D

PATH: 
  /Users/skypesky/.nvm/versions/node/v16.14.2/bin:/opt/homebrew/bin:/Library/Java/JavaVirtualMachines/jdk-17.0.2.jdk/Contents/Home/bin:/Users/skypesky/bin:/usr/local/bin:/usr/local/bin:/usr/bin:/bin:/usr/sbin:/sbin:/Library/Apple/usr/bin:/Users/skypesky/.nvm/versions/node/v16.14.2/bin:/opt/homebrew/bin:/Library/Java/JavaVirtualMachines/jdk-17.0.2.jdk/Contents/Home/bin:/Users/skypesky/bin:/opt/homebrew/Cellar/go/1.18.3/libexec:/Users/skypesky/go:/Users/skypesky/go/bin:/usr/local/opt/gnu-sed/libexec/gnubin:/opt/homebrew/Cellar/go/1.18.3/libexec:/Users/skypesky/go:/Users/skypesky/go/bin:/usr/local/opt/gnu-sed/libexec/gnubin

Yarn version: 
  1.22.19

Node version: 
  16.14.2

Platform: 
  darwin arm64

Trace: 
  Error: https://registry.yarnpkg.com/ts-node-D: Not found
      at Request.params.callback [as _callback] (/Users/skypesky/.nvm/versions/node/v16.14.2/lib/node_modules/yarn/lib/cli.js:66145:18)
      at Request.self.callback (/Users/skypesky/.nvm/versions/node/v16.14.2/lib/node_modules/yarn/lib/cli.js:140890:22)
      at Request.emit (node:events:526:28)
      at Request.<anonymous> (/Users/skypesky/.nvm/versions/node/v16.14.2/lib/node_modules/yarn/lib/cli.js:141862:10)
      at Request.emit (node:events:526:28)
      at IncomingMessage.<anonymous> (/Users/skypesky/.nvm/versions/node/v16.14.2/lib/node_modules/yarn/lib/cli.js:141784:12)
      at Object.onceWrapper (node:events:645:28)
      at IncomingMessage.emit (node:events:538:35)
      at endReadableNT (node:internal/streams/readable:1345:12)
      at processTicksAndRejections (node:internal/process/task_queues:83:21)

npm manifest: 
  {
    "version": "0.0.1",
    "devDependencies": {
      "@types/commander": "^2.12.2",
      "typescript": "^4.8.4"
    },
    "dependencies": {
      "commander": "^9.4.1"
    }
  }

yarn manifest: 
  No manifest

Lockfile: 
  # THIS IS AN AUTOGENERATED FILE. DO NOT EDIT THIS FILE DIRECTLY.
  # yarn lockfile v1
  
  
  "@types/commander@^2.12.2":
    version "2.12.2"
    resolved "https://registry.npmjs.org/@types/commander/-/commander-2.12.2.tgz#183041a23842d4281478fa5d23c5ca78e6fd08ae"
    integrity sha512-0QEFiR8ljcHp9bAbWxecjVRuAMr16ivPiGOw6KFQBVrVd0RQIcM3xKdRisH2EDWgVWujiYtHwhSkSUoAAGzH7Q==
    dependencies:
      commander "*"
  
  commander@*, commander@^9.4.1:
    version "9.4.1"
    resolved "https://registry.yarnpkg.com/commander/-/commander-9.4.1.tgz#d1dd8f2ce6faf93147295c0df13c7c21141cfbdd"
    integrity sha512-5EEkTNyHNGFPD2H+c/dXXfQZYa/scCKasxWcXJaWnNJ99pnQN9Vnmqow+p+PlFPE63Q6mThaZws1T+HxfpgtPw==
  
  typescript@^4.8.4:
    version "4.8.4"
    resolved "https://registry.npmjs.org/typescript/-/typescript-4.8.4.tgz#c464abca159669597be5f96b8943500b238e60e6"
    integrity sha512-QCh+85mCy+h0IGff8r5XWzOVSbBO+KfeYrMQh7NJ58QujwcE22u+NUSmUxqF+un70P9GXKxa2HCNiTTMJknyjQ==
